生成启动时间为 2016/1/3 21:04:49。
     1>项目“G:\QT_VS\PlaneWars\PlaneWars\PlaneWars.vcxproj”在节点 2 上(Build 个目标)。
     1>C:\Program Files (x86)\MSBuild\Microsoft.Cpp\v4.0\V120\Microsoft.CppBuild.targets(935,5): warning MSB8027: Two or more files with the name of moc_adjust.cpp will produce outputs to the same location. This can lead to an incorrect build result.  The files involved are GeneratedFiles\Debug\moc_adjust.cpp, GeneratedFiles\Release\moc_adjust.cpp.
     1>C:\Program Files (x86)\MSBuild\Microsoft.Cpp\v4.0\V120\Microsoft.CppBuild.targets(935,5): warning MSB8027: Two or more files with the name of moc_gameover.cpp will produce outputs to the same location. This can lead to an incorrect build result.  The files involved are GeneratedFiles\Debug\moc_gameover.cpp, GeneratedFiles\Release\moc_gameover.cpp.
     1>C:\Program Files (x86)\MSBuild\Microsoft.Cpp\v4.0\V120\Microsoft.CppBuild.targets(935,5): warning MSB8027: Two or more files with the name of moc_gamewindow.cpp will produce outputs to the same location. This can lead to an incorrect build result.  The files involved are GeneratedFiles\Debug\moc_gamewindow.cpp, GeneratedFiles\Release\moc_gamewindow.cpp.
     1>C:\Program Files (x86)\MSBuild\Microsoft.Cpp\v4.0\V120\Microsoft.CppBuild.targets(935,5): warning MSB8027: Two or more files with the name of moc_planewars.cpp will produce outputs to the same location. This can lead to an incorrect build result.  The files involved are GeneratedFiles\Debug\moc_planewars.cpp, GeneratedFiles\Release\moc_planewars.cpp.
     1>ClCompile:
         E:\VS2013\MicrosoftVisualStudio 12.0\VC\bin\x86_amd64\CL.exe /c /I.\GeneratedFiles /I. /IE:\QT\Qt5.5.1\5.5\msvc2013_64\include /I.\GeneratedFiles\Debug /IE:\QT\Qt5.5.1\5.5\msvc2013_64\include\QtCore /IE:\QT\Qt5.5.1\5.5\msvc2013_64\include\QtGui /IE:\QT\Qt5.5.1\5.5\msvc2013_64\include\QtWidgets /IE:\QT\Qt5.5.1\5.5\msvc2013_64\include\QtMultimedia /IE:\QT\Qt5.5.1\5.5\msvc2013_64\include\QtMultimediaWidgets /Zi /nologo /W1 /WX- /Od /D UNICODE /D WIN32 /D WIN64 /D QT_DLL /D QT_CORE_LIB /D QT_GUI_LIB /D QT_WIDGETS_LIB /D QT_MULTIMEDIA_LIB /D QT_MULTIMEDIAWIDGETS_LIB /Gm- /EHsc /MDd /GS /fp:precise /Zc:wchar_t /Zc:forScope /Fo"x64\Debug\\" /Fd"x64\Debug\vc120.pdb" /Gd /TP /errorReport:prompt GeneratedFiles\Debug\moc_gamewindow.cpp GeneratedFiles\Debug\moc_planewars.cpp bomb.cpp gamewindow.cpp main.cpp planewars.cpp
         moc_gamewindow.cpp
         moc_planewars.cpp
         bomb.cpp
         gamewindow.cpp
         main.cpp
         planewars.cpp
         正在生成代码...
       Link:
         E:\VS2013\MicrosoftVisualStudio 12.0\VC\bin\x86_amd64\link.exe /ERRORREPORT:PROMPT /OUT:"G:\QT_VS\PlaneWars\x64\Debug\\PlaneWars.exe" /NOLOGO /LIBPATH:E:\QT\Qt5.5.1\5.5\msvc2013_64\lib qtmaind.lib Qt5Cored.lib Qt5Guid.lib Qt5Widgetsd.lib Qt5Multimediad.lib Qt5MultimediaWidgetsd.lib kernel32.lib user32.lib gdi32.lib winspool.lib comdlg32.lib advapi32.lib shell32.lib ole32.lib oleaut32.lib uuid.lib odbc32.lib odbccp32.lib /MANIFEST /MANIFESTUAC:"level='asInvoker' uiAccess='false'" /manifest:embed /DEBUG /PDB:"G:\QT_VS\PlaneWars\x64\Debug\PlaneWars.pdb" /SUBSYSTEM:WINDOWS /TLBID:1 /DYNAMICBASE /NXCOMPAT /IMPLIB:"G:\QT_VS\PlaneWars\x64\Debug\PlaneWars.lib" /MACHINE:X64 x64\Debug\adjust.obj
         x64\Debug\bomb.obj
         x64\Debug\boss.obj
         x64\Debug\bullet.obj
         x64\Debug\chapter.obj
         x64\Debug\enemyplane.obj
         x64\Debug\flyer.obj
         x64\Debug\gameover.obj
         x64\Debug\gamewindow.obj
         x64\Debug\moc_adjust.obj
         x64\Debug\moc_gameover.obj
         x64\Debug\moc_gamewindow.obj
         x64\Debug\moc_planewars.obj
         x64\Debug\qrc_planewars.obj
         x64\Debug\header.obj
         x64\Debug\main.obj
         x64\Debug\missile.obj
         x64\Debug\passengerplane.obj
         x64\Debug\plane.obj
         x64\Debug\planewars.obj
         x64\Debug\playerplane.obj
         x64\Debug\supply.obj
         PlaneWars.vcxproj -> G:\QT_VS\PlaneWars\x64\Debug\PlaneWars.exe
     1>已完成生成项目“G:\QT_VS\PlaneWars\PlaneWars\PlaneWars.vcxproj”(Build 个目标)的操作。

生成成功。

已用时间 00:00:08.23
