g:\qt_vs\planewars\planewars\x64\debug\vc120.pdb
g:\qt_vs\planewars\planewars\x64\debug\supply.obj
g:\qt_vs\planewars\planewars\x64\debug\planewars.obj
g:\qt_vs\planewars\planewars\x64\debug\main.obj
g:\qt_vs\planewars\planewars\x64\debug\moc_planewars.obj
g:\qt_vs\planewars\planewars\x64\debug\moc_gamewindow.obj
g:\qt_vs\planewars\planewars\x64\debug\gamewindow.obj
g:\qt_vs\planewars\planewars\x64\debug\chapter.obj
g:\qt_vs\planewars\planewars\x64\debug\qrc_planewars.obj
g:\qt_vs\planewars\planewars\x64\debug\bullet.obj
g:\qt_vs\planewars\planewars\x64\debug\enemyplane.obj
g:\qt_vs\planewars\planewars\x64\debug\playerplane.obj
g:\qt_vs\planewars\planewars\x64\debug\flyer.obj
g:\qt_vs\planewars\planewars\x64\debug\header.obj
g:\qt_vs\planewars\planewars\x64\debug\plane.obj
g:\qt_vs\planewars\planewars\x64\debug\bomb.obj
g:\qt_vs\planewars\planewars\x64\debug\missile.obj
g:\qt_vs\planewars\planewars\x64\debug\moc_adjust.obj
g:\qt_vs\planewars\planewars\x64\debug\adjust.obj
g:\qt_vs\planewars\planewars\x64\debug\passengerplane.obj
g:\qt_vs\planewars\planewars\generatedfiles\ui_planewars.h
g:\qt_vs\planewars\planewars\generatedfiles\qrc_planewars.cpp
g:\qt_vs\planewars\planewars\generatedfiles\debug\moc_planewars.cpp
g:\qt_vs\planewars\planewars\generatedfiles\ui_gamewindow.h
g:\qt_vs\planewars\planewars\generatedfiles\ui_adjust.h
g:\qt_vs\planewars\planewars\generatedfiles\debug\moc_adjust.cpp
g:\qt_vs\planewars\planewars\generatedfiles\debug\moc_gamewindow.cpp
g:\qt_vs\planewars\x64\debug\planewars.ilk
g:\qt_vs\planewars\x64\debug\planewars.exe
g:\qt_vs\planewars\x64\debug\planewars.pdb
g:\qt_vs\planewars\planewars\x64\debug\planewars.tlog\cl.command.1.tlog
g:\qt_vs\planewars\planewars\x64\debug\planewars.tlog\cl.read.1.tlog
g:\qt_vs\planewars\planewars\x64\debug\planewars.tlog\cl.write.1.tlog
g:\qt_vs\planewars\planewars\x64\debug\planewars.tlog\custombuild.command.1.tlog
g:\qt_vs\planewars\planewars\x64\debug\planewars.tlog\custombuild.read.1.tlog
g:\qt_vs\planewars\planewars\x64\debug\planewars.tlog\custombuild.write.1.tlog
g:\qt_vs\planewars\planewars\x64\debug\planewars.tlog\link.command.1.tlog
g:\qt_vs\planewars\planewars\x64\debug\planewars.tlog\link.read.1.tlog
g:\qt_vs\planewars\planewars\x64\debug\planewars.tlog\link.write.1.tlog
